Performing C SOURCE FILE Test CMAKE_HAVE_LIBC_PTHREAD failed with the following output:
Change Dir: /home/wyz/CLionProjects/VolumeRenderer/cmake-build-release/CMakeFiles/CMakeTmp

Run Build Command(s):/usr/bin/make cmTC_67195/fast && /usr/bin/make  -f CMakeFiles/cmTC_67195.dir/build.make CMakeFiles/cmTC_67195.dir/build
make[1]: 进入目录“/home/wyz/CLionProjects/VolumeRenderer/cmake-build-release/CMakeFiles/CMakeTmp”
Building C object CMakeFiles/cmTC_67195.dir/src.c.o
/usr/bin/gcc -DCMAKE_HAVE_LIBC_PTHREAD   -o CMakeFiles/cmTC_67195.dir/src.c.o -c /home/wyz/CLionProjects/VolumeRenderer/cmake-build-release/CMakeFiles/CMakeTmp/src.c
Linking C executable cmTC_67195
/usr/bin/cmake -E cmake_link_script CMakeFiles/cmTC_67195.dir/link.txt --verbose=1
/usr/bin/gcc CMakeFiles/cmTC_67195.dir/src.c.o -o cmTC_67195 
/usr/bin/ld: CMakeFiles/cmTC_67195.dir/src.c.o: in function `main':
src.c:(.text+0x3e): undefined reference to `pthread_create'
/usr/bin/ld: src.c:(.text+0x4a): undefined reference to `pthread_detach'
/usr/bin/ld: src.c:(.text+0x56): undefined reference to `pthread_cancel'
/usr/bin/ld: src.c:(.text+0x67): undefined reference to `pthread_join'
collect2: 错误：ld 返回 1
make[1]: *** [CMakeFiles/cmTC_67195.dir/build.make:106：cmTC_67195] 错误 1
make[1]: 离开目录“/home/wyz/CLionProjects/VolumeRenderer/cmake-build-release/CMakeFiles/CMakeTmp”
make: *** [Makefile:140：cmTC_67195/fast] 错误 2


Source file was:
#include <pthread.h>

static void* test_func(void* data)
{
  return data;
}

int main(void)
{
  pthread_t thread;
  pthread_create(&thread, NULL, test_func, NULL);
  pthread_detach(thread);
  pthread_cancel(thread);
  pthread_join(thread, NULL);
  pthread_atfork(NULL, NULL, NULL);
  pthread_exit(NULL);

  return 0;
}

Determining if the function pthread_create exists in the pthreads failed with the following output:
Change Dir: /home/wyz/CLionProjects/VolumeRenderer/cmake-build-release/CMakeFiles/CMakeTmp

Run Build Command(s):/usr/bin/make cmTC_373f9/fast && /usr/bin/make  -f CMakeFiles/cmTC_373f9.dir/build.make CMakeFiles/cmTC_373f9.dir/build
make[1]: 进入目录“/home/wyz/CLionProjects/VolumeRenderer/cmake-build-release/CMakeFiles/CMakeTmp”
Building C object CMakeFiles/cmTC_373f9.dir/CheckFunctionExists.c.o
/usr/bin/gcc   -DCHECK_FUNCTION_EXISTS=pthread_create -o CMakeFiles/cmTC_373f9.dir/CheckFunctionExists.c.o -c /usr/share/cmake-3.19/Modules/CheckFunctionExists.c
Linking C executable cmTC_373f9
/usr/bin/cmake -E cmake_link_script CMakeFiles/cmTC_373f9.dir/link.txt --verbose=1
/usr/bin/gcc  -DCHECK_FUNCTION_EXISTS=pthread_create CMakeFiles/cmTC_373f9.dir/CheckFunctionExists.c.o -o cmTC_373f9  -lpthreads 
/usr/bin/ld: 找不到 -lpthreads
collect2: 错误：ld 返回 1
make[1]: *** [CMakeFiles/cmTC_373f9.dir/build.make:106：cmTC_373f9] 错误 1
make[1]: 离开目录“/home/wyz/CLionProjects/VolumeRenderer/cmake-build-release/CMakeFiles/CMakeTmp”
make: *** [Makefile:140：cmTC_373f9/fast] 错误 2



